[1.027s] Invoking command in '/home/uozrobotics/ros2_ws/src/my_robot_controller': PYTHONPATH=/home/uozrobotics/ros2_ws/build/my_robot_controller/prefix_override:/home/uozrobotics/ros2_ws/install/my_robot_controller/lib/python3.10/site-packages:${PYTHONPATH} /usr/bin/python3 setup.py egg_info --egg-base ../../build/my_robot_controller build --build-base /home/uozrobotics/ros2_ws/build/my_robot_controller/build install --record /home/uozrobotics/ros2_ws/build/my_robot_controller/install.log --single-version-externally-managed
[1.261s] running egg_info
[1.262s] writing ../../build/my_robot_controller/my_robot_controller.egg-info/PKG-INFO
[1.262s] writing dependency_links to ../../build/my_robot_controller/my_robot_controller.egg-info/dependency_links.txt
[1.262s] writing entry points to ../../build/my_robot_controller/my_robot_controller.egg-info/entry_points.txt
[1.262s] writing requirements to ../../build/my_robot_controller/my_robot_controller.egg-info/requires.txt
[1.262s] writing top-level names to ../../build/my_robot_controller/my_robot_controller.egg-info/top_level.txt
[1.280s] reading manifest file '../../build/my_robot_controller/my_robot_controller.egg-info/SOURCES.txt'
[1.300s] writing manifest file '../../build/my_robot_controller/my_robot_controller.egg-info/SOURCES.txt'
[1.300s] running build
[1.300s] running build_py
[1.301s] copying my_robot_controller/my_first_node.py -> /home/uozrobotics/ros2_ws/build/my_robot_controller/build/lib/my_robot_controller
[1.301s] running install
[1.301s] running install_lib
[1.302s] copying /home/uozrobotics/ros2_ws/build/my_robot_controller/build/lib/my_robot_controller/my_first_node.py -> /home/uozrobotics/ros2_ws/install/my_robot_controller/lib/python3.10/site-packages/my_robot_controller
[1.303s] byte-compiling /home/uozrobotics/ros2_ws/install/my_robot_controller/lib/python3.10/site-packages/my_robot_controller/my_first_node.py to my_first_node.cpython-310.pyc
[1.303s] running install_data
[1.303s] running install_egg_info
[1.305s] removing '/home/uozrobotics/ros2_ws/install/my_robot_controller/lib/python3.10/site-packages/my_robot_controller-0.0.0-py3.10.egg-info' (and everything under it)
[1.305s] Copying ../../build/my_robot_controller/my_robot_controller.egg-info to /home/uozrobotics/ros2_ws/install/my_robot_controller/lib/python3.10/site-packages/my_robot_controller-0.0.0-py3.10.egg-info
[1.318s] running install_scripts
[1.335s] Installing test_node script to /home/uozrobotics/ros2_ws/install/my_robot_controller/lib/my_robot_controller
[1.335s] writing list of installed files to '/home/uozrobotics/ros2_ws/build/my_robot_controller/install.log'
[1.359s] Invoked command in '/home/uozrobotics/ros2_ws/src/my_robot_controller' returned '0': PYTHONPATH=/home/uozrobotics/ros2_ws/build/my_robot_controller/prefix_override:/home/uozrobotics/ros2_ws/install/my_robot_controller/lib/python3.10/site-packages:${PYTHONPATH} /usr/bin/python3 setup.py egg_info --egg-base ../../build/my_robot_controller build --build-base /home/uozrobotics/ros2_ws/build/my_robot_controller/build install --record /home/uozrobotics/ros2_ws/build/my_robot_controller/install.log --single-version-externally-managed
